0 info it worked if it ends with ok
1 verbose cli [ 'C:\\Program Files\\nodejs\\node.exe',
1 verbose cli   'C:\\Program Files\\nodejs\\node_modules\\npm\\bin\\npm-cli.js',
1 verbose cli   'install',
1 verbose cli   'bcrypt-gyp' ]
2 info using npm@2.14.7
3 info using node@v4.2.2
4 verbose install initial load of C:\Users\yanpu\Desktop\example\microblog\package.json
5 verbose installManyTop reading scoped package data from C:\Users\yanpu\Desktop\example\microblog\node_modules\bcrypt-nodejs\package.json
6 verbose installManyTop reading scoped package data from C:\Users\yanpu\Desktop\example\microblog\node_modules\body-parser\package.json
7 verbose installManyTop reading scoped package data from C:\Users\yanpu\Desktop\example\microblog\node_modules\connect\package.json
8 verbose installManyTop reading scoped package data from C:\Users\yanpu\Desktop\example\microblog\node_modules\connect-flash\package.json
9 verbose installManyTop reading scoped package data from C:\Users\yanpu\Desktop\example\microblog\node_modules\connect-mongo\package.json
10 verbose installManyTop reading scoped package data from C:\Users\yanpu\Desktop\example\microblog\node_modules\cookie-parser\package.json
11 verbose installManyTop reading scoped package data from C:\Users\yanpu\Desktop\example\microblog\node_modules\debug\package.json
12 verbose installManyTop reading scoped package data from C:\Users\yanpu\Desktop\example\microblog\node_modules\ejs\package.json
13 verbose installManyTop reading scoped package data from C:\Users\yanpu\Desktop\example\microblog\node_modules\express\package.json
14 verbose installManyTop reading scoped package data from C:\Users\yanpu\Desktop\example\microblog\node_modules\express-session\package.json
15 verbose installManyTop reading scoped package data from C:\Users\yanpu\Desktop\example\microblog\node_modules\jade\package.json
16 verbose installManyTop reading scoped package data from C:\Users\yanpu\Desktop\example\microblog\node_modules\moment\package.json
17 verbose installManyTop reading scoped package data from C:\Users\yanpu\Desktop\example\microblog\node_modules\mongodb\package.json
18 verbose installManyTop reading scoped package data from C:\Users\yanpu\Desktop\example\microblog\node_modules\mongoose\package.json
19 verbose installManyTop reading scoped package data from C:\Users\yanpu\Desktop\example\microblog\node_modules\morgan\package.json
20 verbose installManyTop reading scoped package data from C:\Users\yanpu\Desktop\example\microblog\node_modules\req-flash\package.json
21 verbose installManyTop reading scoped package data from C:\Users\yanpu\Desktop\example\microblog\node_modules\serve-favicon\package.json
22 verbose installManyTop reading scoped package data from C:\Users\yanpu\Desktop\example\microblog\node_modules\serve-static\package.json
23 verbose installManyTop reading scoped package data from C:\Users\yanpu\Desktop\example\microblog\node_modules\ueditor\package.json
24 verbose installManyTop reading scoped package data from C:\Users\yanpu\Desktop\example\microblog\node_modules\underscore\package.json
25 info package.json ueditor@1.1.1 No description
26 info package.json ueditor@1.1.1 No license field.
27 info package.json connect-flash@0.1.1 No license field.
28 info package.json connect-mongo@0.8.2 No license field.
29 info package.json bcrypt-nodejs@0.0.3 No license field.
30 verbose readDependencies loading dependencies from C:\Users\yanpu\Desktop\example\microblog\package.json
31 silly cache add args [ 'bcrypt-gyp', null ]
32 verbose cache add spec bcrypt-gyp
33 silly cache add parsed spec Result {
33 silly cache add   raw: 'bcrypt-gyp',
33 silly cache add   scope: null,
33 silly cache add   name: 'bcrypt-gyp',
33 silly cache add   rawSpec: '',
33 silly cache add   spec: '*',
33 silly cache add   type: 'range' }
34 silly addNamed bcrypt-gyp@*
35 verbose addNamed "*" is a valid semver range for bcrypt-gyp
36 silly addNameRange { name: 'bcrypt-gyp', range: '*', hasData: false }
37 silly mapToRegistry name bcrypt-gyp
38 silly mapToRegistry using default registry
39 silly mapToRegistry registry https://registry.npmjs.org/
40 silly mapToRegistry uri https://registry.npmjs.org/bcrypt-gyp
41 verbose addNameRange registry:https://registry.npmjs.org/bcrypt-gyp not in flight; fetching
42 verbose request uri https://registry.npmjs.org/bcrypt-gyp
43 verbose request no auth needed
44 info attempt registry request try #1 at 14:08:18
45 verbose request id 3fea772cfe512152
46 http request GET https://registry.npmjs.org/bcrypt-gyp
47 http 404 https://registry.npmjs.org/bcrypt-gyp
48 verbose headers { 'content-type': 'application/json',
48 verbose headers   'cache-control': 'max-age=0',
48 verbose headers   'content-length': '2',
48 verbose headers   'accept-ranges': 'bytes',
48 verbose headers   date: 'Mon, 28 Mar 2016 06:09:21 GMT',
48 verbose headers   via: '1.1 varnish',
48 verbose headers   age: '0',
48 verbose headers   connection: 'keep-alive',
48 verbose headers   'x-served-by': 'cache-itm7426-ITM',
48 verbose headers   'x-cache': 'MISS',
48 verbose headers   'x-cache-hits': '0',
48 verbose headers   'x-timer': 'S1459145360.991005,VS0,VE744' }
49 silly get cb [ 404,
49 silly get   { 'content-type': 'application/json',
49 silly get     'cache-control': 'max-age=0',
49 silly get     'content-length': '2',
49 silly get     'accept-ranges': 'bytes',
49 silly get     date: 'Mon, 28 Mar 2016 06:09:21 GMT',
49 silly get     via: '1.1 varnish',
49 silly get     age: '0',
49 silly get     connection: 'keep-alive',
49 silly get     'x-served-by': 'cache-itm7426-ITM',
49 silly get     'x-cache': 'MISS',
49 silly get     'x-cache-hits': '0',
49 silly get     'x-timer': 'S1459145360.991005,VS0,VE744' } ]
50 verbose stack Error: Registry returned 404 for GET on https://registry.npmjs.org/bcrypt-gyp
50 verbose stack     at makeError (C:\Program Files\nodejs\node_modules\npm\node_modules\npm-registry-client\lib\request.js:264:12)
50 verbose stack     at CachingRegistryClient.<anonymous> (C:\Program Files\nodejs\node_modules\npm\node_modules\npm-registry-client\lib\request.js:242:14)
50 verbose stack     at Request._callback (C:\Program Files\nodejs\node_modules\npm\node_modules\npm-registry-client\lib\request.js:172:14)
50 verbose stack     at Request.self.callback (C:\Program Files\nodejs\node_modules\npm\node_modules\request\request.js:198:22)
50 verbose stack     at emitTwo (events.js:87:13)
50 verbose stack     at Request.emit (events.js:172:7)
50 verbose stack     at Request.<anonymous> (C:\Program Files\nodejs\node_modules\npm\node_modules\request\request.js:1063:14)
50 verbose stack     at emitOne (events.js:82:20)
50 verbose stack     at Request.emit (events.js:169:7)
50 verbose stack     at IncomingMessage.<anonymous> (C:\Program Files\nodejs\node_modules\npm\node_modules\request\request.js:1009:12)
51 verbose statusCode 404
52 verbose pkgid bcrypt-gyp
53 verbose cwd C:\Users\yanpu\Desktop\example\microblog
54 error Windows_NT 6.1.7601
55 error argv "C:\\Program Files\\nodejs\\node.exe" "C:\\Program Files\\nodejs\\node_modules\\npm\\bin\\npm-cli.js" "install" "bcrypt-gyp"
56 error node v4.2.2
57 error npm  v2.14.7
58 error code E404
59 error 404 Registry returned 404 for GET on https://registry.npmjs.org/bcrypt-gyp
59 error 404
59 error 404 'bcrypt-gyp' is not in the npm registry.
59 error 404 You should bug the author to publish it (or use the name yourself!)
59 error 404 It was specified as a dependency of 'microblog'
59 error 404
59 error 404 Note that you can also install from a
59 error 404 tarball, folder, http url, or git url.
60 verbose exit [ 1, true ]
